Delaware
Zhejiang
Niedersachsen
Jalisco
Basel-Stadt
Libya
Ecuador
Qatar
Gansu
Ontario
Guanajuato
Aguascalientes
Rheinland-Pfalz
West Virginia
Barcelona
France
North Dakota
Germany
Michoacán
North Carolina
Hunan
Fujian
Texas
New Hampshire
Alabama
Puebla
Switzerland
Jilin
Hainan
South Carolina
Mexico
Pennsylvania
Saudi Arabia
Thailand
Colombia
Ukraine
Virginia
Belgium
Guizhou
Egypt
Oman
California
India
Hebei
Alaska
Tennessee
Canada
Pyrénées-Orientales
Türkiye
Nordrhein-Westfalen
Chile
Yucatán
Saskatchewan
Tamaulipas
Baja California
Hamburg
South Africa
Chiapas
Beijing
Kenya
Finland
New Brunswick
Philippines
Arizona
Sierra Leone
Andorra
Macau
United Arab Emirates
Paraguay
Shanghai
Schleswig-Holstein
Florida
Quintana Roo
San Luis Potosí
Ethiopia
Aargau
Kuwait
Washington
Jiangsu
Slovenia
Berlin
Bermuda
Azerbaijan
Basel-Landschaft
Illinois
Bahrain
Colorado
Tianjin
Oklahoma
Guipuzcoa
Maryland
Kentucky
Nevada
Jiangxi
Nebraska
Singapore
Henan
Louisiana
New York
District of Columbia
Donegal
Myanmar
Hidalgo
Czech Republic
Korea, Republic of
Sichuan
Iowa
Montana
Liaoning
China
Durango
Ghana
Limerick
Coahuila
Netherlands
Australia
Wyoming
Cork
Nigeria
Baden-Württemberg
Oregon
Brazil
Querétaro
Shaanxi
Ohio
Shandong
Mozambique
Mississippi
United States
Russia
Kansas
Taiwan
New Jersey
Quebec
Estonia
Morocco
Indiana
Nuevo León
Poland
Japan
Offaly
Slovakia
Connecticut
Missouri
Haiti
Kazakhstan
Vermont
Minnesota
South Dakota
Indonesia
Idaho
Chihuahua
Ireland
British Columbia
New Mexico
Utah
Malaysia
Veracruz
Tabasco
Benin
United Kingdom
Shanxi
Mexico City
Morelos
Hawaii
New Zealand
Mexico State
Manitoba
Rhône
Panama
Madrid
Luxembourg
Lebanon
Alberta
Liberia
Tlaxcala
Puerto Rico
Vizcaya
Tunisia
Hong Kong
Georgia
Wisconsin
Girona
Lithuania
Jordan
Spain
Guangdong
Rhode Island
Arkansas
Hubei
Vietnam
Michigan
Massachusetts
Maine
