Final TrueSkill Ratings:
Team ID: 53570, Mu: 15.33, Sigma: 2.39, Region: Hidalgo
Team ID: 47788, Mu: 31.11, Sigma: 1.36, Region: Hidalgo
Team ID: 52275, Mu: 34.47, Sigma: 1.37, Region: Mexico
Team ID: 49428, Mu: 20.55, Sigma: 1.56, Region: Hidalgo
Team ID: 27475, Mu: 34.05, Sigma: 1.47, Region: Hidalgo
Team ID: 43723, Mu: 17.69, Sigma: 1.76, Region: Hidalgo
Team ID: 47790, Mu: 37.19, Sigma: 1.65, Region: Hidalgo
Team ID: 49427, Mu: 23.06, Sigma: 1.5300000000000002, Region: Hidalgo
Team ID: 47792, Mu: 28.45, Sigma: 1.58, Region: Hidalgo
Team ID: 47798, Mu: 24.74, Sigma: 1.56, Region: Hidalgo
Team ID: 55126, Mu: 32.25, Sigma: 1.77, Region: Hidalgo
Team ID: 49509, Mu: 26.42, Sigma: 1.96, Region: Hidalgo
Team ID: 49510, Mu: 23.53, Sigma: 1.49, Region: Hidalgo
Team ID: 30880, Mu: 15.54, Sigma: 1.93, Region: Hidalgo
Team ID: 47791, Mu: 28.33, Sigma: 1.49, Region: Hidalgo
Team ID: 47789, Mu: 33.68, Sigma: 1.5, Region: Hidalgo
Team ID: 47799, Mu: 23.11, Sigma: 1.66, Region: Hidalgo
Team ID: 47796, Mu: 19.89, Sigma: 1.85, Region: Hidalgo
Team ID: 47795, Mu: 22.55, Sigma: 1.95, Region: Hidalgo
Team ID: 47800, Mu: 19.07, Sigma: 1.89, Region: Hidalgo
Team ID: 47797, Mu: 23.32, Sigma: 1.6, Region: Hidalgo
Team ID: 56364, Mu: 31.099999999999998, Sigma: 3.66, Region: California
Team ID: 58700, Mu: 16.51, Sigma: 3.91, Region: California
Team ID: 5856, Mu: 27.92, Sigma: 4.47, Region: California
Team ID: 53537, Mu: 31.760000000000005, Sigma: 3.49, Region: California
Team ID: 19762, Mu: 20.54, Sigma: 3.4, Region: California
Team ID: 51661, Mu: 24.55, Sigma: 2.06, Region: Tabasco
Team ID: 51327, Mu: 24.38, Sigma: 1.94, Region: Tabasco
Team ID: 20920, Mu: 29.65, Sigma: 1.47, Region: Tabasco
Team ID: 17449, Mu: 15.15, Sigma: 2.88, Region: Chiapas
Team ID: 17446, Mu: 22.96, Sigma: 1.7500000000000002, Region: Chiapas
Team ID: 47913, Mu: 31.74, Sigma: 1.49, Region: Tabasco
Team ID: 58001, Mu: 20.05, Sigma: 4.68, Region: Mexico
Team ID: 9532, Mu: 31.39, Sigma: 2.1, Region: Morelos
Team ID: 52229, Mu: 18.85, Sigma: 1.99, Region: Tamaulipas
Team ID: 20818, Mu: 29.84, Sigma: 2.2, Region: Mexico State
Team ID: 17461, Mu: 28.95, Sigma: 2.35, Region: Mexico State
Team ID: 46240, Mu: 26.85, Sigma: 1.69, Region: Veracruz
Team ID: 17500, Mu: 31.47, Sigma: 1.94, Region: Morelos
Team ID: 30874, Mu: 29.53, Sigma: 2.45, Region: Mexico State
Team ID: 9529, Mu: 36.47, Sigma: 2.27, Region: Morelos
Team ID: 46237, Mu: 29.48, Sigma: 1.7, Region: Veracruz
Team ID: 57734, Mu: 26.22, Sigma: 1.59, Region: Veracruz
Team ID: 58000, Mu: 24.91, Sigma: 2.59, Region: Mexico
Team ID: 17464, Mu: 23.93, Sigma: 2.44, Region: Mexico State
Team ID: 20917, Mu: 23.09, Sigma: 2.51, Region: Chiapas
Team ID: 49507, Mu: 23.92, Sigma: 2.47, Region: Chiapas
Team ID: 52030, Mu: 17.46, Sigma: 2.19, Region: Hidalgo
Team ID: 52031, Mu: 24.36, Sigma: 1.77, Region: Hidalgo
Team ID: 47803, Mu: 24.06, Sigma: 1.98, Region: Hidalgo
Team ID: 49425, Mu: 24.4, Sigma: 1.77, Region: Hidalgo
Team ID: 46231, Mu: 20.94, Sigma: 1.86, Region: Hidalgo
Team ID: 49865, Mu: 20.54, Sigma: 1.85, Region: Hidalgo
Team ID: 47922, Mu: 30.63, Sigma: 1.49, Region: Hidalgo
Team ID: 46234, Mu: 25.03, Sigma: 1.83, Region: Hidalgo
Team ID: 47923, Mu: 29.76, Sigma: 1.46, Region: Hidalgo
Team ID: 47804, Mu: 22.58, Sigma: 1.86, Region: Hidalgo
Team ID: 49424, Mu: 17.51, Sigma: 2.2, Region: Hidalgo
Team ID: 49508, Mu: 32.0, Sigma: 2.02, Region: Chiapas
Team ID: 17428, Mu: 22.83, Sigma: 3.78, Region: Chiapas
Team ID: 57724, Mu: 22.33, Sigma: 1.74, Region: Coahuila
Team ID: 52233, Mu: 21.68, Sigma: 2.17, Region: Nuevo León
Team ID: 47785, Mu: 23.0, Sigma: 2.43, Region: Tamaulipas
Team ID: 17392, Mu: 25.85, Sigma: 2.19, Region: Veracruz
Team ID: 57721, Mu: 27.86, Sigma: 2.22, Region: Tamaulipas
Team ID: 30754, Mu: 30.55, Sigma: 1.69, Region: Veracruz
Team ID: 27586, Mu: 25.08, Sigma: 2.67, Region: Tamaulipas
Team ID: 27472, Mu: 23.71, Sigma: 1.55, Region: Tamaulipas
Team ID: 58932, Mu: 17.51, Sigma: 2.24, Region: Nuevo León
Team ID: 17389, Mu: 39.16, Sigma: 2.01, Region: Veracruz
Team ID: 59483, Mu: 25.05, Sigma: 1.9, Region: Veracruz
Team ID: 17437, Mu: 30.1, Sigma: 1.38, Region: Aguascalientes
Team ID: 43705, Mu: 21.18, Sigma: 1.74, Region: Veracruz
Team ID: 53024, Mu: 22.990000000000002, Sigma: 1.58, Region: Aguascalientes
Team ID: 59297, Mu: 28.81, Sigma: 1.41, Region: Aguascalientes
Team ID: 53022, Mu: 20.28, Sigma: 1.93, Region: San Luis Potosí
Team ID: 47784, Mu: 20.6, Sigma: 1.59, Region: Aguascalientes
Team ID: 60241, Mu: 24.8, Sigma: 1.49, Region: Aguascalientes
Team ID: 53301, Mu: 19.33, Sigma: 1.89, Region: Aguascalientes
Team ID: 9526, Mu: 19.75, Sigma: 2.68, Region: Hidalgo
Team ID: 47794, Mu: 15.560000000000002, Sigma: 1.86, Region: Hidalgo
Team ID: 47793, Mu: 13.7, Sigma: 2.23, Region: Hidalgo
Team ID: 54009, Mu: 17.76, Sigma: 2.33, Region: Hidalgo
Team ID: 52635, Mu: 12.05, Sigma: 3.01, Region: Hidalgo
Team ID: 9523, Mu: 20.53, Sigma: 1.92, Region: Hidalgo
Team ID: 56250, Mu: 33.25, Sigma: 2.72, Region: Maryland
Team ID: 34483, Mu: 20.16, Sigma: 4.14, Region: New York
Team ID: 35194, Mu: 37.46, Sigma: 2.48, Region: New York
Team ID: 59565, Mu: 13.5, Sigma: 4.86, Region: New Jersey
Team ID: 55123, Mu: 17.41, Sigma: 3.9, Region: Mexico State
Team ID: 58802, Mu: 13.62, Sigma: 3.71, Region: Guanajuato
Team ID: 17539, Mu: 21.08, Sigma: 2.83, Region: Durango
Team ID: 20755, Mu: 18.97, Sigma: 4.18, Region: Mexico State
Team ID: 44263, Mu: 15.940000000000001, Sigma: 3.57, Region: Morelos
Team ID: 52873, Mu: 21.07, Sigma: 2.46, Region: Guanajuato
Team ID: 20758, Mu: 28.18, Sigma: 3.16, Region: Mexico State
Team ID: 55122, Mu: 17.3, Sigma: 4.03, Region: Mexico State
Team ID: 43702, Mu: 20.84, Sigma: 2.34, Region: Guanajuato
Team ID: 52872, Mu: 23.340000000000003, Sigma: 2.24, Region: Guanajuato
Team ID: 58963, Mu: 37.13, Sigma: 1.9, Region: Veracruz
Team ID: 60245, Mu: 29.46, Sigma: 1.84, Region: Chiapas
Team ID: 60244, Mu: 28.36, Sigma: 2.1, Region: Chiapas
Team ID: 60242, Mu: 23.330000000000002, Sigma: 1.7, Region: Aguascalientes
Team ID: 44260, Mu: 15.65, Sigma: 3.59, Region: Morelos
Team ID: 59088, Mu: 25.86, Sigma: 1.91, Region: Chihuahua
Team ID: 55726, Mu: 29.269999999999996, Sigma: 1.86, Region: Chihuahua
Team ID: 59086, Mu: 29.040000000000003, Sigma: 1.84, Region: Chihuahua
Team ID: 59087, Mu: 28.410000000000004, Sigma: 1.74, Region: Chihuahua
Team ID: 59089, Mu: 28.72, Sigma: 1.77, Region: Chihuahua
Team ID: 59084, Mu: 26.09, Sigma: 1.74, Region: Chihuahua
Team ID: 55717, Mu: 11.369999999999997, Sigma: 3.24, Region: Chihuahua
Team ID: 58358, Mu: 27.0, Sigma: 2.61, Region: Oklahoma
Team ID: 57967, Mu: 26.18, Sigma: 3.0, Region: Kansas
Team ID: 51743, Mu: 31.16, Sigma: 2.85, Region: Oklahoma
Team ID: 58503, Mu: 20.72, Sigma: 2.93, Region: Texas
Team ID: 54076, Mu: 18.64, Sigma: 3.15, Region: Texas
Team ID: 57722, Mu: 25.44, Sigma: 2.72, Region: Tamaulipas
Team ID: 27454, Mu: 17.98, Sigma: 2.85, Region: Tamaulipas
Team ID: 57548, Mu: 10.4, Sigma: 3.55, Region: Tamaulipas
Team ID: 60237, Mu: 17.1, Sigma: 2.44, Region: Tamaulipas
Team ID: 17425, Mu: 24.470000000000002, Sigma: 2.38, Region: Hidalgo
Team ID: 60570, Mu: 8.6, Sigma: 3.32, Region: Morelos
Team ID: 17395, Mu: 17.61, Sigma: 4.98, Region: Veracruz
Team ID: 58964, Mu: 29.579999999999995, Sigma: 2.27, Region: Veracruz
Team ID: 20788, Mu: 22.01, Sigma: 3.67, Region: Tamaulipas
Team ID: 58965, Mu: 29.53, Sigma: 2.17, Region: Veracruz
Team ID: 20413, Mu: 24.77, Sigma: 3.52, Region: Massachusetts
Team ID: 60995, Mu: 14.25, Sigma: 4.46, Region: Massachusetts
Team ID: 47801, Mu: 30.04, Sigma: 2.17, Region: Hidalgo
Team ID: 58931, Mu: 10.67, Sigma: 3.88, Region: Nuevo León
Team ID: 55718, Mu: 12.25, Sigma: 3.44, Region: Chihuahua
Team ID: 17443, Mu: 21.36, Sigma: 3.43, Region: Quintana Roo
Team ID: 59049, Mu: 29.05, Sigma: 2.77, Region: Michoacán
Team ID: 59258, Mu: 20.75, Sigma: 3.11, Region: Michoacán
Team ID: 17521, Mu: 18.74, Sigma: 3.32, Region: Guanajuato
Team ID: 59050, Mu: 29.45, Sigma: 2.6, Region: Michoacán
Team ID: 61485, Mu: 27.41, Sigma: 3.19, Region: Virginia
Team ID: 38980, Mu: 30.14, Sigma: 3.28, Region: Utah
Team ID: 33793, Mu: 21.02, Sigma: 3.81, Region: Virginia
Team ID: 50947, Mu: 14.779999999999998, Sigma: 4.76, Region: Maryland
Team ID: 61439, Mu: 20.58, Sigma: 3.68, Region: Virginia
Team ID: 50394, Mu: 33.0, Sigma: 3.23, Region: Virginia
Team ID: 22168, Mu: 22.43, Sigma: 3.43, Region: Maryland
Team ID: 60964, Mu: 29.87, Sigma: 3.22, Region: Michigan
Team ID: 28312, Mu: 10.78, Sigma: 4.12, Region: Illinois
Team ID: 56414, Mu: 39.45, Sigma: 3.91, Region: Wisconsin
Team ID: 58670, Mu: 20.34, Sigma: 3.69, Region: Ohio
Team ID: 60589, Mu: 26.500000000000004, Sigma: 3.4, Region: Ohio
Team ID: 54779, Mu: 34.01, Sigma: 5.86, Region: Barcelona
Team ID: 60902, Mu: 22.01, Sigma: 5.7, Region: Barcelona
Team ID: 61218, Mu: 17.08, Sigma: 6.120000000000001, Region: Barcelona
Team ID: 49465, Mu: 25.47, Sigma: 6.34, Region: Barcelona
